[35m[Appium][39m Welcome to Appium v1.22.3
[35m[Appium][39m Non-default server args:
[35m[Appium][39m   port: 50593
[35m[Appium][39m   loglevel: info
[35m[Appium][39m   tmpDir: C:\Users\lvinh\AppData\Local\Temp\\Katalon\Appium\Temp1676971642409
[35m[Appium][39m   chromedriverPort: 50594
[35m[Appium][39m Deprecated server args:
[35m[Appium][39m   [31m--chromedriver-port[39m => --default-capabilities
[35m[Appium][39m Default capabilities, which will be added to each request unless overridden by desired capabilities:
[35m[Appium][39m   chromedriverPort: 50594
[35m[Appium][39m Appium REST http interface listener started on 0.0.0.0:50593
[35m[HTTP][39m [37m-->[39m [37mGET[39m [37m/wd/hub/status[39m
[35m[HTTP][39m [90m{}[39m
[35m[HTTP][39m [37m<-- GET /wd/hub/status [39m[32m200[39m [90m4 ms - 68[39m
[35m[HTTP][39m [90m[39m
[35m[HTTP][39m [37m-->[39m [37mGET[39m [37m/wd/hub/status[39m
[35m[HTTP][39m [90m{}[39m
[35m[HTTP][39m [37m<-- GET /wd/hub/status [39m[32m200[39m [90m1 ms - 68[39m
[35m[HTTP][39m [90m[39m
[35m[HTTP][39m [37m-->[39m [37mPOST[39m [37m/wd/hub/session[39m
[35m[HTTP][39m [90m{"desiredCapabilities":{"appActivity":".Settings","appPackage":"com.android.settings","newCommandTimeout":1800,"platformVersion":"10","automationName":"uiautomator2","autoGrantPermissions":true,"platformName":"Android","udid":"22cc4d04ea0d7ece","deviceName":"samsung SM-G965N (Android 10)","platform":"ANDROID","systemPort":8230},"capabilities":{"firstMatch":[{"appium:appActivity":".Settings","appium:appPackage":"com.android.settings","appium:autoGrantPermissions":true,"appium:automationName":"uiautomator2","appium:deviceName":"samsung SM-G965N (Android 10)","appium:newCommandTimeout":1800,"platform":"ANDROID","platformName":"android","appium:platformVersion":"10","appium:systemPort":8230,"appium:udid":"22cc4d04ea0d7ece"}]}}[39m
[35m[BaseDriver][39m The following capabilities are not standard capabilities and should have an extension prefix:
[35m[BaseDriver][39m   platform
[35m[BaseDriver][39m   chromedriverPort
[35m[Appium][39m Appium v1.22.3 creating new AndroidUiautomator2Driver (v1.70.1) session
[35m[BaseDriver][39m The following capabilities were provided, but are not recognized by Appium:
[35m[BaseDriver][39m   platform
[35m[BaseDriver][39m Session created with session id: 263e6c19-2745-4ef5-9727-9d56c0f1984d
[35m[UiAutomator2][39m Starting 'com.android.settings' directly on the device
[35m[ADB][39m Found 1 'build-tools' folders under 'C:\Users\lvinh\.katalon\tools\android_sdk' (newest first):
[35m[ADB][39m     C:/Users/lvinh/.katalon/tools/android_sdk/build-tools/29.0.3
[35m[ADB][39m Using 'adb.exe' from 'C:\Users\lvinh\.katalon\tools\android_sdk\platform-tools\adb.exe'
[35m[AndroidDriver][39m Retrieving device list
[35m[AndroidDriver][39m Using device: 22cc4d04ea0d7ece
[35m[ADB][39m Using 'adb.exe' from 'C:\Users\lvinh\.katalon\tools\android_sdk\platform-tools\adb.exe'
[35m[ADB][39m Getting device platform version
[35m[UiAutomator2][39m Relaxing hidden api policy
[35m[AndroidDriver][39m No app sent in, not parsing package/activity
[35m[ADB][39m Using 'apksigner.jar' from 'C:\Users\lvinh\.katalon\tools\android_sdk\build-tools\29.0.3\lib\apksigner.jar'
[35m[ADB][39m 'C:\Users\lvinh\AppData\Roaming\npm\node_modules\appium\node_modules\appium-uiautomator2-server\apks\appium-uiautomator2-server-v4.27.0.apk' is signed with the default certificate
[35m[ADB][39m 'C:\Users\lvinh\AppData\Roaming\npm\node_modules\appium\node_modules\appium-uiautomator2-server\apks\appium-uiautomator2-server-debug-androidTest.apk' is signed with the default certificate
[35m[UiAutomator2][39m Server packages are not going to be (re)installed
[35m[ADB][39m Adding packages ["io.appium.settings","io.appium.uiautomator2.server","io.appium.uiautomator2.server.test"] to Doze whitelist
[35m[UiAutomator2][39m Starting UIAutomator2 server 4.27.0
[35m[UiAutomator2][39m Using UIAutomator2 server from 'C:\Users\lvinh\AppData\Roaming\npm\node_modules\appium\node_modules\appium-uiautomator2-server\apks\appium-uiautomator2-server-v4.27.0.apk' and test from 'C:\Users\lvinh\AppData\Roaming\npm\node_modules\appium\node_modules\appium-uiautomator2-server\apks\appium-uiautomator2-server-debug-androidTest.apk'
[35m[UiAutomator2][39m Waiting up to 30000ms for UiAutomator2 to be online...
[35m[WD Proxy][39m socket hang up
[35m[WD Proxy][39m socket hang up
[35m[WD Proxy][39m socket hang up
[35m[WD Proxy][39m Determined the downstream protocol as 'W3C'
[35m[AndroidDriver][39m Screen already unlocked, doing nothing
[35m[UiAutomator2][39m Starting 'com.android.settings/.Settings and waiting for 'com.android.settings/.Settings'
[35m[Appium][39m New AndroidUiautomator2Driver session created successfully, session 263e6c19-2745-4ef5-9727-9d56c0f1984d added to master session list
[35m[HTTP][39m [37m<-- POST /wd/hub/session [39m[32m200[39m [90m9188 ms - 1176[39m
[35m[HTTP][39m [90m[39m
[35m[HTTP][39m [37m-->[39m [37mGET[39m [37m/wd/hub/session/263e6c19-2745-4ef5-9727-9d56c0f1984d[39m
[35m[HTTP][39m [90m{}[39m
[35m[HTTP][39m [37m<-- GET /wd/hub/session/263e6c19-2745-4ef5-9727-9d56c0f1984d [39m[32m200[39m [90m13 ms - 1130[39m
[35m[HTTP][39m [90m[39m
[35m[HTTP][39m [37m-->[39m [37mGET[39m [37m/wd/hub/session/263e6c19-2745-4ef5-9727-9d56c0f1984d[39m
[35m[HTTP][39m [90m{}[39m
[35m[HTTP][39m [37m<-- GET /wd/hub/session/263e6c19-2745-4ef5-9727-9d56c0f1984d [39m[32m200[39m [90m9 ms - 1130[39m
[35m[HTTP][39m [90m[39m
[35m[HTTP][39m [37m-->[39m [37mGET[39m [37m/wd/hub/status[39m
[35m[HTTP][39m [90m{}[39m
[35m[HTTP][39m [37m<-- GET /wd/hub/status [39m[32m200[39m [90m1 ms - 68[39m
[35m[HTTP][39m [90m[39m
[35m[HTTP][39m [37m-->[39m [37mPOST[39m [37m/wd/hub/session/263e6c19-2745-4ef5-9727-9d56c0f1984d/timeouts[39m
[35m[HTTP][39m [90m{"implicit":60000}[39m
[35m[HTTP][39m [37m<-- POST /wd/hub/session/263e6c19-2745-4ef5-9727-9d56c0f1984d/timeouts [39m[32m200[39m [90m2 ms - 14[39m
[35m[HTTP][39m [90m[39m
[35m[HTTP][39m [37m-->[39m [37mGET[39m [37m/wd/hub/session/263e6c19-2745-4ef5-9727-9d56c0f1984d/screenshot[39m
[35m[HTTP][39m [90m{}[39m
[35m[HTTP][39m [37m<-- GET /wd/hub/session/263e6c19-2745-4ef5-9727-9d56c0f1984d/screenshot [39m[32m200[39m [90m609 ms - 294390[39m
[35m[HTTP][39m [90m[39m
[35m[HTTP][39m [37m-->[39m [37mGET[39m [37m/wd/hub/session/263e6c19-2745-4ef5-9727-9d56c0f1984d/window/rect[39m
[35m[HTTP][39m [90m{}[39m
[35m[HTTP][39m [37m<-- GET /wd/hub/session/263e6c19-2745-4ef5-9727-9d56c0f1984d/window/rect [39m[32m200[39m [90m23 ms - 50[39m
[35m[HTTP][39m [90m[39m
[35m[HTTP][39m [37m-->[39m [37mGET[39m [37m/wd/hub/session/263e6c19-2745-4ef5-9727-9d56c0f1984d/appium/device/system_bars[39m
[35m[HTTP][39m [90m{}[39m
[35m[HTTP][39m [37m<-- GET /wd/hub/session/263e6c19-2745-4ef5-9727-9d56c0f1984d/appium/device/system_bars [39m[32m200[39m [90m136 ms - 148[39m
[35m[HTTP][39m [90m[39m
[35m[HTTP][39m [37m-->[39m [37mPOST[39m [37m/wd/hub/session/263e6c19-2745-4ef5-9727-9d56c0f1984d/appium/device/activate_app[39m
[35m[HTTP][39m [90m{"bundleId":"com.VCB"}[39m
[35m[HTTP][39m [37m<-- POST /wd/hub/session/263e6c19-2745-4ef5-9727-9d56c0f1984d/appium/device/activate_app [39m[32m200[39m [90m570 ms - 14[39m
[35m[HTTP][39m [90m[39m
[35m[HTTP][39m [37m-->[39m [37mGET[39m [37m/wd/hub/session/263e6c19-2745-4ef5-9727-9d56c0f1984d/source[39m
[35m[HTTP][39m [90m{}[39m
[35m[W3C (263e6c19)][39m Driver proxy active, passing request on via HTTP proxy
[35m[WD Proxy][39m Replacing sessionId 29eeb544-fa04-4eb0-b2ce-52f8b12aa08a with 263e6c19-2745-4ef5-9727-9d56c0f1984d
[35m[HTTP][39m [37m<-- GET /wd/hub/session/263e6c19-2745-4ef5-9727-9d56c0f1984d/source [39m[32m200[39m [90m2041 ms - 18606[39m
[35m[HTTP][39m [90m[39m
[35m[HTTP][39m [37m-->[39m [37mGET[39m [37m/wd/hub/session/263e6c19-2745-4ef5-9727-9d56c0f1984d/screenshot[39m
[35m[HTTP][39m [90m{}[39m
[35m[HTTP][39m [37m<-- GET /wd/hub/session/263e6c19-2745-4ef5-9727-9d56c0f1984d/screenshot [39m[32m200[39m [90m2286 ms - 4671428[39m
[35m[HTTP][39m [90m[39m
[35m[HTTP][39m [37m-->[39m [37mGET[39m [37m/wd/hub/session/263e6c19-2745-4ef5-9727-9d56c0f1984d/source[39m
[35m[HTTP][39m [90m{}[39m
[35m[W3C (263e6c19)][39m Driver proxy active, passing request on via HTTP proxy
[35m[WD Proxy][39m Replacing sessionId 29eeb544-fa04-4eb0-b2ce-52f8b12aa08a with 263e6c19-2745-4ef5-9727-9d56c0f1984d
[35m[HTTP][39m [37m<-- GET /wd/hub/session/263e6c19-2745-4ef5-9727-9d56c0f1984d/source [39m[32m200[39m [90m1404 ms - 43647[39m
[35m[HTTP][39m [90m[39m
[35m[HTTP][39m [37m-->[39m [37mGET[39m [37m/wd/hub/session/263e6c19-2745-4ef5-9727-9d56c0f1984d/screenshot[39m
[35m[HTTP][39m [90m{}[39m
[35m[HTTP][39m [37m<-- GET /wd/hub/session/263e6c19-2745-4ef5-9727-9d56c0f1984d/screenshot [39m[32m200[39m [90m1774 ms - 2564748[39m
[35m[HTTP][39m [90m[39m
[35m[HTTP][39m [37m-->[39m [37mPOST[39m [37m/wd/hub/session/263e6c19-2745-4ef5-9727-9d56c0f1984d/elements[39m
[35m[HTTP][39m [90m{"using":"xpath","value":"//*[@class = 'android.widget.TextView' and (@text = 'LUU XUAN VINH' or . = 'LUU XUAN VINH') and @resource-id = 'com.VCB:id/tvHello']"}[39m
[35m[HTTP][39m [37m<-- POST /wd/hub/session/263e6c19-2745-4ef5-9727-9d56c0f1984d/elements [39m[32m200[39m [90m1285 ms - 139[39m
[35m[HTTP][39m [90m[39m
[35m[HTTP][39m [37m-->[39m [37mGET[39m [37m/wd/hub/session/263e6c19-2745-4ef5-9727-9d56c0f1984d/window/rect[39m
[35m[HTTP][39m [90m{}[39m
[35m[HTTP][39m [37m<-- GET /wd/hub/session/263e6c19-2745-4ef5-9727-9d56c0f1984d/window/rect [39m[32m200[39m [90m24 ms - 50[39m
[35m[HTTP][39m [90m[39m
[35m[HTTP][39m [37m-->[39m [37mPOST[39m [37m/wd/hub/session/263e6c19-2745-4ef5-9727-9d56c0f1984d/elements[39m
[35m[HTTP][39m [90m{"using":"xpath","value":"//*[@class = 'android.widget.TextView' and (@text = 'LUU XUAN VINH' or . = 'LUU XUAN VINH') and @resource-id = 'com.VCB:id/tvHello']"}[39m
[35m[HTTP][39m [37m<-- POST /wd/hub/session/263e6c19-2745-4ef5-9727-9d56c0f1984d/elements [39m[32m200[39m [90m1467 ms - 139[39m
[35m[HTTP][39m [90m[39m
[35m[HTTP][39m [37m-->[39m [37mGET[39m [37m/wd/hub/session/263e6c19-2745-4ef5-9727-9d56c0f1984d/element/00000000-0000-00c6-ffff-ffff0000007a/location[39m
[35m[HTTP][39m [90m{}[39m
[35m[W3C (263e6c19)][39m Driver proxy active, passing request on via HTTP proxy
[35m[WD Proxy][39m Replacing sessionId 29eeb544-fa04-4eb0-b2ce-52f8b12aa08a with 263e6c19-2745-4ef5-9727-9d56c0f1984d
[35m[HTTP][39m [37m<-- GET /wd/hub/session/263e6c19-2745-4ef5-9727-9d56c0f1984d/element/00000000-0000-00c6-ffff-ffff0000007a/location [39m[32m200[39m [90m26 ms - 79[39m
[35m[HTTP][39m [90m[39m
[35m[HTTP][39m [37m-->[39m [37mGET[39m [37m/wd/hub/session/263e6c19-2745-4ef5-9727-9d56c0f1984d/element/00000000-0000-00c6-ffff-ffff0000007a/text[39m
[35m[HTTP][39m [90m{}[39m
[35m[W3C (263e6c19)][39m Driver proxy active, passing request on via HTTP proxy
[35m[WD Proxy][39m Replacing sessionId 29eeb544-fa04-4eb0-b2ce-52f8b12aa08a with 263e6c19-2745-4ef5-9727-9d56c0f1984d
[35m[HTTP][39m [37m<-- GET /wd/hub/session/263e6c19-2745-4ef5-9727-9d56c0f1984d/element/00000000-0000-00c6-ffff-ffff0000007a/text [39m[32m200[39m [90m21 ms - 76[39m
[35m[HTTP][39m [90m[39m
[35m[HTTP][39m [37m-->[39m [37mGET[39m [37m/wd/hub/session/263e6c19-2745-4ef5-9727-9d56c0f1984d/source[39m
[35m[HTTP][39m [90m{}[39m
[35m[W3C (263e6c19)][39m Driver proxy active, passing request on via HTTP proxy
[35m[WD Proxy][39m Replacing sessionId 29eeb544-fa04-4eb0-b2ce-52f8b12aa08a with 263e6c19-2745-4ef5-9727-9d56c0f1984d
[35m[HTTP][39m [37m<-- GET /wd/hub/session/263e6c19-2745-4ef5-9727-9d56c0f1984d/source [39m[32m200[39m [90m1255 ms - 42796[39m
[35m[HTTP][39m [90m[39m
[35m[HTTP][39m [37m-->[39m [37mGET[39m [37m/wd/hub/session/263e6c19-2745-4ef5-9727-9d56c0f1984d/screenshot[39m
[35m[HTTP][39m [90m{}[39m
[35m[HTTP][39m [37m<-- GET /wd/hub/session/263e6c19-2745-4ef5-9727-9d56c0f1984d/screenshot [39m[32m200[39m [90m1632 ms - 2564788[39m
[35m[HTTP][39m [90m[39m
[35m[HTTP][39m [37m-->[39m [37mDELETE[39m [37m/wd/hub/session/263e6c19-2745-4ef5-9727-9d56c0f1984d[39m
[35m[HTTP][39m [90m{}[39m
[35m[Appium][39m Removing session 263e6c19-2745-4ef5-9727-9d56c0f1984d from our master session list
[35m[UiAutomator2][39m Restoring hidden api policy to the device default configuration
[35m[HTTP][39m [37m<-- DELETE /wd/hub/session/263e6c19-2745-4ef5-9727-9d56c0f1984d [39m[32m200[39m [90m400 ms - 14[39m
[35m[HTTP][39m [90m[39m
